
 LIST CONSTRAINTS FOR SELECTED NODES        1 TO     293 BY       1
 CURRENTLY SELECTED DOF SET= UX   UY  
 
     NODE  LABEL     REAL           IMAG
        1  UY     0.00000000      0.00000000    
        9  UY     0.00000000      0.00000000    
       13  UX     0.00000000      0.00000000    
       14  UX     0.00000000      0.00000000    
       43  UY     0.00000000      0.00000000    
       44  UY     0.00000000      0.00000000    
       45  UY     0.00000000      0.00000000    
       46  UY     0.00000000      0.00000000    
       47  UY     0.00000000      0.00000000    
       48  UY     0.00000000      0.00000000    
       49  UY     0.00000000      0.00000000    
       50  UY     0.00000000      0.00000000    
       51  UY     0.00000000      0.00000000    
       52  UY     0.00000000      0.00000000    
       53  UY     0.00000000      0.00000000    
       54  UY     0.00000000      0.00000000    
       55  UY     0.00000000      0.00000000    
       66  UX     0.00000000      0.00000000    
       67  UX     0.00000000      0.00000000    
       68  UX     0.00000000      0.00000000    

