
 LIST ALL SELECTED NODES.   DSYS=      0
 SORT TABLE ON  NODE  NODE  NODE

   NODE        X           Y           Z         THXY    THYZ    THZX
       1    2.0000      18.000      0.0000        0.00    0.00    0.00
       2    2.0000      12.000      0.0000        0.00    0.00    0.00
       3    4.0000      12.000      0.0000        0.00    0.00    0.00
       4    6.0000      8.0000      0.0000        0.00    0.00    0.00
       5    7.0000      8.0000      0.0000        0.00    0.00    0.00
       6    8.0000      8.0000      0.0000        0.00    0.00    0.00
       7    10.000      12.000      0.0000        0.00    0.00    0.00
       8    12.000      12.000      0.0000        0.00    0.00    0.00
       9    12.000      18.000      0.0000        0.00    0.00    0.00
      10    7.0000      5.0000      0.0000        0.00    0.00    0.00
      11    14.000      12.000      0.0000        0.00    0.00    0.00
      12    16.000      8.0000      0.0000        0.00    0.00    0.00
      13    17.000      8.0000      0.0000        0.00    0.00    0.00
      14    17.000      5.0000      0.0000        0.00    0.00    0.00
      15    2.0000      17.316      0.0000        0.00    0.00    0.00
      16    2.0000      16.632      0.0000        0.00    0.00    0.00
      17    2.0000      15.893      0.0000        0.00    0.00    0.00
      18    2.0000      14.857      0.0000        0.00    0.00    0.00
      19    2.0000      14.107      0.0000        0.00    0.00    0.00
      20    2.0000      13.368      0.0000        0.00    0.00    0.00

   NODE        X           Y           Z         THXY    THYZ    THZX
      21    2.0000      12.684      0.0000        0.00    0.00    0.00
      22    2.6579      12.000      0.0000        0.00    0.00    0.00
      23    3.3159      12.000      0.0000        0.00    0.00    0.00
      24    4.3059      11.388      0.0000        0.00    0.00    0.00
      25    4.6119      10.776      0.0000        0.00    0.00    0.00
      26    5.0593      9.8814      0.0000        0.00    0.00    0.00
      27    5.3881      9.2238      0.0000        0.00    0.00    0.00
      28    5.6941      8.6119      0.0000        0.00    0.00    0.00
      29    8.3059      8.6119      0.0000        0.00    0.00    0.00
      30    8.6119      9.2238      0.0000        0.00    0.00    0.00
      31    9.0593      10.119      0.0000        0.00    0.00    0.00
      32    9.3881      10.776      0.0000        0.00    0.00    0.00
      33    9.6941      11.388      0.0000        0.00    0.00    0.00
      34    10.658      12.000      0.0000        0.00    0.00    0.00
      35    11.316      12.000      0.0000        0.00    0.00    0.00
      36    12.000      12.684      0.0000        0.00    0.00    0.00
      37    12.000      13.368      0.0000        0.00    0.00    0.00
      38    12.000      14.107      0.0000        0.00    0.00    0.00
      39    12.000      15.143      0.0000        0.00    0.00    0.00
      40    12.000      15.893      0.0000        0.00    0.00    0.00

   NODE        X           Y           Z         THXY    THYZ    THZX
      41    12.000      16.632      0.0000        0.00    0.00    0.00
      42    12.000      17.316      0.0000        0.00    0.00    0.00
      43    11.316      18.000      0.0000        0.00    0.00    0.00
      44    10.632      18.000      0.0000        0.00    0.00    0.00
      45    9.9201      18.000      0.0000        0.00    0.00    0.00
      46    9.0799      18.000      0.0000        0.00    0.00    0.00
      47    8.3657      18.000      0.0000        0.00    0.00    0.00
      48    7.6514      18.000      0.0000        0.00    0.00    0.00
      49    6.9371      18.000      0.0000        0.00    0.00    0.00
      50    6.2228      18.000      0.0000        0.00    0.00    0.00
      51    5.5085      18.000      0.0000        0.00    0.00    0.00
      52    4.7942      18.000      0.0000        0.00    0.00    0.00
      53    4.0799      18.000      0.0000        0.00    0.00    0.00
      54    3.3682      18.000      0.0000        0.00    0.00    0.00
      55    2.6841      18.000      0.0000        0.00    0.00    0.00
      56    7.0000      5.6841      0.0000        0.00    0.00    0.00
      57    7.0000      6.6318      0.0000        0.00    0.00    0.00
      58    7.0000      7.3159      0.0000        0.00    0.00    0.00
      59    12.658      12.000      0.0000        0.00    0.00    0.00
      60    13.316      12.000      0.0000        0.00    0.00    0.00

   NODE        X           Y           Z         THXY    THYZ    THZX
      61    14.306      11.388      0.0000        0.00    0.00    0.00
      62    14.612      10.776      0.0000        0.00    0.00    0.00
      63    15.059      9.8814      0.0000        0.00    0.00    0.00
      64    15.388      9.2238      0.0000        0.00    0.00    0.00
      65    15.694      8.6119      0.0000        0.00    0.00    0.00
      66    17.000      7.3159      0.0000        0.00    0.00    0.00
      67    17.000      6.3682      0.0000        0.00    0.00    0.00
      68    17.000      5.6841      0.0000        0.00    0.00    0.00
      69    16.316      5.0000      0.0000        0.00    0.00    0.00
      70    15.632      5.0000      0.0000        0.00    0.00    0.00
      71    14.920      5.0000      0.0000        0.00    0.00    0.00
      72    14.080      5.0000      0.0000        0.00    0.00    0.00
      73    13.366      5.0000      0.0000        0.00    0.00    0.00
      74    12.651      5.0000      0.0000        0.00    0.00    0.00
      75    11.937      5.0000      0.0000        0.00    0.00    0.00
      76    11.223      5.0000      0.0000        0.00    0.00    0.00
      77    10.508      5.0000      0.0000        0.00    0.00    0.00
      78    9.7942      5.0000      0.0000        0.00    0.00    0.00
      79    9.0799      5.0000      0.0000        0.00    0.00    0.00
      80    8.3682      5.0000      0.0000        0.00    0.00    0.00

   NODE        X           Y           Z         THXY    THYZ    THZX
      81    7.6841      5.0000      0.0000        0.00    0.00    0.00
      82    2.9955      17.452      0.0000        0.00    0.00    0.00
      83    3.6846      17.380      0.0000        0.00    0.00    0.00
      84    4.4089      17.355      0.0000        0.00    0.00    0.00
      85    5.1420      17.356      0.0000        0.00    0.00    0.00
      86    5.8655      17.362      0.0000        0.00    0.00    0.00
      87    6.5792      17.362      0.0000        0.00    0.00    0.00
      88    7.2947      17.363      0.0000        0.00    0.00    0.00
      89    8.0185      17.361      0.0000        0.00    0.00    0.00
      90    8.7516      17.361      0.0000        0.00    0.00    0.00
      91    9.5217      17.366      0.0000        0.00    0.00    0.00
      92    10.304      17.392      0.0000        0.00    0.00    0.00
      93    11.005      17.461      0.0000        0.00    0.00    0.00
      94    11.450      17.010      0.0000        0.00    0.00    0.00
      95    11.338      16.310      0.0000        0.00    0.00    0.00
      96    11.305      15.507      0.0000        0.00    0.00    0.00
      97    11.301      14.602      0.0000        0.00    0.00    0.00
      98    11.300      13.684      0.0000        0.00    0.00    0.00
      99    11.288      12.712      0.0000        0.00    0.00    0.00
     100    10.393      12.644      0.0000        0.00    0.00    0.00

   NODE        X           Y           Z         THXY    THYZ    THZX
     101    9.3104      11.984      0.0000        0.00    0.00    0.00
     102    8.9787      11.366      0.0000        0.00    0.00    0.00
     103    8.6278      10.718      0.0000        0.00    0.00    0.00
     104    8.2153      9.9813      0.0000        0.00    0.00    0.00
     105    7.8504      9.2504      0.0000        0.00    0.00    0.00
     106    6.1828      9.2484      0.0000        0.00    0.00    0.00
     107    5.8212      9.9125      0.0000        0.00    0.00    0.00
     108    5.4559      10.639      0.0000        0.00    0.00    0.00
     109    5.0644      11.365      0.0000        0.00    0.00    0.00
     110    4.7173      11.998      0.0000        0.00    0.00    0.00
     111    3.6088      12.642      0.0000        0.00    0.00    0.00
     112    2.6917      12.702      0.0000        0.00    0.00    0.00
     113    2.6874      13.654      0.0000        0.00    0.00    0.00
     114    2.7021      14.488      0.0000        0.00    0.00    0.00
     115    2.7023      15.393      0.0000        0.00    0.00    0.00
     116    2.6608      16.271      0.0000        0.00    0.00    0.00
     117    2.5567      17.004      0.0000        0.00    0.00    0.00
     118    10.769      16.817      0.0000        0.00    0.00    0.00
     119    9.6728      12.630      0.0000        0.00    0.00    0.00
     120    7.4569      8.6192      0.0000        0.00    0.00    0.00

   NODE        X           Y           Z         THXY    THYZ    THZX
     121    6.5597      8.6182      0.0000        0.00    0.00    0.00
     122    4.3470      12.637      0.0000        0.00    0.00    0.00
     123    3.2302      16.774      0.0000        0.00    0.00    0.00
     124    3.9890      16.688      0.0000        0.00    0.00    0.00
     125    4.7688      16.685      0.0000        0.00    0.00    0.00
     126    5.5059      16.702      0.0000        0.00    0.00    0.00
     127    6.2188      16.720      0.0000        0.00    0.00    0.00
     128    6.9368      16.719      0.0000        0.00    0.00    0.00
     129    7.6593      16.717      0.0000        0.00    0.00    0.00
     130    8.4045      16.718      0.0000        0.00    0.00    0.00
     131    9.1762      16.718      0.0000        0.00    0.00    0.00
     132    9.9837      16.727      0.0000        0.00    0.00    0.00
     133    10.504      15.975      0.0000        0.00    0.00    0.00
     134    10.639      15.050      0.0000        0.00    0.00    0.00
     135    10.522      14.062      0.0000        0.00    0.00    0.00
     136    10.709      13.276      0.0000        0.00    0.00    0.00
     137    10.053      13.294      0.0000        0.00    0.00    0.00
     138    8.9582      12.619      0.0000        0.00    0.00    0.00
     139    8.5937      11.976      0.0000        0.00    0.00    0.00
     140    8.2217      11.317      0.0000        0.00    0.00    0.00

   NODE        X           Y           Z         THXY    THYZ    THZX
     141    7.8288      10.632      0.0000        0.00    0.00    0.00
     142    7.4272      9.9326      0.0000        0.00    0.00    0.00
     143    7.0151      9.2606      0.0000        0.00    0.00    0.00
     144    6.6178      9.9220      0.0000        0.00    0.00    0.00
     145    6.2366      10.604      0.0000        0.00    0.00    0.00
     146    5.8486      11.292      0.0000        0.00    0.00    0.00
     147    5.4666      11.969      0.0000        0.00    0.00    0.00
     148    5.0856      12.623      0.0000        0.00    0.00    0.00
     149    3.9703      13.282      0.0000        0.00    0.00    0.00
     150    3.2874      13.254      0.0000        0.00    0.00    0.00
     151    3.4633      14.009      0.0000        0.00    0.00    0.00
     152    3.3276      14.931      0.0000        0.00    0.00    0.00
     153    3.4883      15.891      0.0000        0.00    0.00    0.00
     154    9.3375      13.272      0.0000        0.00    0.00    0.00
     155    5.8511      12.612      0.0000        0.00    0.00    0.00
     156    4.7000      13.276      0.0000        0.00    0.00    0.00
     157    4.4025      15.966      0.0000        0.00    0.00    0.00
     158    5.1756      16.017      0.0000        0.00    0.00    0.00
     159    5.8678      16.062      0.0000        0.00    0.00    0.00
     160    6.5834      16.091      0.0000        0.00    0.00    0.00

   NODE        X           Y           Z         THXY    THYZ    THZX
     161    7.2956      16.068      0.0000        0.00    0.00    0.00
     162    8.0312      16.060      0.0000        0.00    0.00    0.00
     163    8.7971      16.076      0.0000        0.00    0.00    0.00
     164    9.5989      16.057      0.0000        0.00    0.00    0.00
     165    9.8970      15.356      0.0000        0.00    0.00    0.00
     166    9.9502      14.635      0.0000        0.00    0.00    0.00
     167    9.7056      13.915      0.0000        0.00    0.00    0.00
     168    8.6182      13.275      0.0000        0.00    0.00    0.00
     169    8.2203      12.614      0.0000        0.00    0.00    0.00
     170    7.8286      11.953      0.0000        0.00    0.00    0.00
     171    7.4337      11.284      0.0000        0.00    0.00    0.00
     172    7.0313      10.607      0.0000        0.00    0.00    0.00
     173    6.6435      11.269      0.0000        0.00    0.00    0.00
     174    6.2545      11.949      0.0000        0.00    0.00    0.00
     175    5.4580      13.283      0.0000        0.00    0.00    0.00
     176    4.2989      13.928      0.0000        0.00    0.00    0.00
     177    3.9692      14.528      0.0000        0.00    0.00    0.00
     178    4.1119      15.205      0.0000        0.00    0.00    0.00
     179    9.0259      13.918      0.0000        0.00    0.00    0.00
     180    6.6479      12.600      0.0000        0.00    0.00    0.00

   NODE        X           Y           Z         THXY    THYZ    THZX
     181    6.2458      13.279      0.0000        0.00    0.00    0.00
     182    5.0451      13.946      0.0000        0.00    0.00    0.00
     183    4.8846      15.303      0.0000        0.00    0.00    0.00
     184    5.6242      15.385      0.0000        0.00    0.00    0.00
     185    6.2505      15.549      0.0000        0.00    0.00    0.00
     186    6.9410      15.425      0.0000        0.00    0.00    0.00
     187    7.6280      15.387      0.0000        0.00    0.00    0.00
     188    8.4029      15.392      0.0000        0.00    0.00    0.00
     189    9.1693      15.426      0.0000        0.00    0.00    0.00
     190    9.4483      14.910      0.0000        0.00    0.00    0.00
     191    9.3934      14.419      0.0000        0.00    0.00    0.00
     192    8.2985      13.968      0.0000        0.00    0.00    0.00
     193    7.8560      13.283      0.0000        0.00    0.00    0.00
     194    7.4462      12.600      0.0000        0.00    0.00    0.00
     195    7.0468      11.941      0.0000        0.00    0.00    0.00
     196    5.8446      13.992      0.0000        0.00    0.00    0.00
     197    5.3836      14.646      0.0000        0.00    0.00    0.00
     198    4.6155      14.592      0.0000        0.00    0.00    0.00
     199    8.8313      14.716      0.0000        0.00    0.00    0.00
     200    7.0610      13.287      0.0000        0.00    0.00    0.00

   NODE        X           Y           Z         THXY    THYZ    THZX
     201    6.6788      14.005      0.0000        0.00    0.00    0.00
     202    6.2647      14.808      0.0000        0.00    0.00    0.00
     203    7.1572      14.691      0.0000        0.00    0.00    0.00
     204    7.9696      14.688      0.0000        0.00    0.00    0.00
     205    7.5035      13.987      0.0000        0.00    0.00    0.00
     206    2.4489      17.554      0.0000        0.00    0.00    0.00
     207    11.551      17.557      0.0000        0.00    0.00    0.00
     208    7.9636      5.6223      0.0000        0.00    0.00    0.00
     209    16.374      5.6228      0.0000        0.00    0.00    0.00
     210    15.228      7.9739      0.0000        0.00    0.00    0.00
     211    14.926      8.6465      0.0000        0.00    0.00    0.00
     212    13.826      10.753      0.0000        0.00    0.00    0.00
     213    12.927      11.522      0.0000        0.00    0.00    0.00
     214    12.329      11.412      0.0000        0.00    0.00    0.00
     215    7.4590      6.7669      0.0000        0.00    0.00    0.00
     216    11.620      11.452      0.0000        0.00    0.00    0.00
     217    11.027      11.561      0.0000        0.00    0.00    0.00
     218    10.177      10.809      0.0000        0.00    0.00    0.00
     219    9.0807      8.6465      0.0000        0.00    0.00    0.00
     220    8.7598      7.9505      0.0000        0.00    0.00    0.00

   NODE        X           Y           Z         THXY    THYZ    THZX
     221    13.593      11.409      0.0000        0.00    0.00    0.00
     222    10.438      11.443      0.0000        0.00    0.00    0.00
     223    12.931      10.894      0.0000        0.00    0.00    0.00
     224    11.985      10.801      0.0000        0.00    0.00    0.00
     225    11.063      10.938      0.0000        0.00    0.00    0.00
     226    8.6408      5.7088      0.0000        0.00    0.00    0.00
     227    9.3707      5.7197      0.0000        0.00    0.00    0.00
     228    10.104      5.7172      0.0000        0.00    0.00    0.00
     229    10.839      5.7014      0.0000        0.00    0.00    0.00
     230    11.568      5.6776      0.0000        0.00    0.00    0.00
     231    12.288      5.6603      0.0000        0.00    0.00    0.00
     232    13.008      5.6595      0.0000        0.00    0.00    0.00
     233    13.755      5.7245      0.0000        0.00    0.00    0.00
     234    14.574      5.7943      0.0000        0.00    0.00    0.00
     235    15.506      5.8825      0.0000        0.00    0.00    0.00
     236    16.311      6.5296      0.0000        0.00    0.00    0.00
     237    14.594      9.3069      0.0000        0.00    0.00    0.00
     238    14.204      10.053      0.0000        0.00    0.00    0.00
     239    7.4984      6.1101      0.0000        0.00    0.00    0.00
     240    9.8321      10.116      0.0000        0.00    0.00    0.00

   NODE        X           Y           Z         THXY    THYZ    THZX
     241    9.4559      9.3610      0.0000        0.00    0.00    0.00
     242    15.502      7.3002      0.0000        0.00    0.00    0.00
     243    9.5126      7.9845      0.0000        0.00    0.00    0.00
     244    8.4450      7.2405      0.0000        0.00    0.00    0.00
     245    12.467      10.196      0.0000        0.00    0.00    0.00
     246    11.556      10.200      0.0000        0.00    0.00    0.00
     247    8.1254      6.4806      0.0000        0.00    0.00    0.00
     248    15.721      6.7139      0.0000        0.00    0.00    0.00
     249    14.751      7.2661      0.0000        0.00    0.00    0.00
     250    14.476      8.0276      0.0000        0.00    0.00    0.00
     251    13.353      10.147      0.0000        0.00    0.00    0.00
     252    10.669      10.170      0.0000        0.00    0.00    0.00
     253    9.8573      8.7244      0.0000        0.00    0.00    0.00
     254    9.2144      7.2195      0.0000        0.00    0.00    0.00
     255    12.030      9.5215      0.0000        0.00    0.00    0.00
     256    8.9116      6.4712      0.0000        0.00    0.00    0.00
     257    9.6697      6.4668      0.0000        0.00    0.00    0.00
     258    10.438      6.4653      0.0000        0.00    0.00    0.00
     259    11.199      6.4134      0.0000        0.00    0.00    0.00
     260    11.927      6.3446      0.0000        0.00    0.00    0.00

   NODE        X           Y           Z         THXY    THYZ    THZX
     261    12.639      6.3240      0.0000        0.00    0.00    0.00
     262    13.352      6.3535      0.0000        0.00    0.00    0.00
     263    14.149      6.5735      0.0000        0.00    0.00    0.00
     264    15.033      6.5853      0.0000        0.00    0.00    0.00
     265    13.766      9.4552      0.0000        0.00    0.00    0.00
     266    10.259      9.4548      0.0000        0.00    0.00    0.00
     267    14.151      8.7426      0.0000        0.00    0.00    0.00
     268    10.255      8.0627      0.0000        0.00    0.00    0.00
     269    9.9872      7.2461      0.0000        0.00    0.00    0.00
     270    12.922      9.5341      0.0000        0.00    0.00    0.00
     271    11.127      9.4879      0.0000        0.00    0.00    0.00
     272    12.972      6.9599      0.0000        0.00    0.00    0.00
     273    14.024      7.4202      0.0000        0.00    0.00    0.00
     274    13.718      8.1455      0.0000        0.00    0.00    0.00
     275    10.657      8.8090      0.0000        0.00    0.00    0.00
     276    12.514      8.9265      0.0000        0.00    0.00    0.00
     277    11.590      8.7729      0.0000        0.00    0.00    0.00
     278    10.834      7.2780      0.0000        0.00    0.00    0.00
     279    11.588      7.0342      0.0000        0.00    0.00    0.00
     280    12.280      6.9813      0.0000        0.00    0.00    0.00

   NODE        X           Y           Z         THXY    THYZ    THZX
     281    12.622      7.6230      0.0000        0.00    0.00    0.00
     282    13.564      6.9720      0.0000        0.00    0.00    0.00
     283    13.339      8.8405      0.0000        0.00    0.00    0.00
     284    10.993      8.1488      0.0000        0.00    0.00    0.00
     285    11.951      7.6108      0.0000        0.00    0.00    0.00
     286    13.311      7.5600      0.0000        0.00    0.00    0.00
     287    12.952      8.2312      0.0000        0.00    0.00    0.00
     288    12.209      8.2917      0.0000        0.00    0.00    0.00
     289    11.398      7.6342      0.0000        0.00    0.00    0.00
     290    11.628      8.0917      0.0000        0.00    0.00    0.00
     291    7.6716      7.3007      0.0000        0.00    0.00    0.00
     292    7.4421      5.4747      0.0000        0.00    0.00    0.00
     293    16.256      7.3099      0.0000        0.00    0.00    0.00

